46	src/config/MetaverseAnimationPresets.ts(18,9): error TS2353: Object literal may only specify known properties, and 'offset' does not exist in type 'AnimationKeyframe'.	error TS2353: Object literal may only specify known properties, and 'offset' does not exist in type 'AnimationKeyframe'.
24	src/components/WorkingDashboard.tsx(206,14): error TS2322: Type '{ background: string; padding: string; borderRadius: string; border: string; textAlign: string; }' is not assignable to type 'CSSProperties'.	error TS2322: Type '{ background: string; padding: string; borderRadius: string; border: string; textAlign: string; }' is not assignable to type 'CSSProperties'.
24	src/components/StandaloneDashboard.tsx(372,14): error TS2322: Type '{ backgroundColor: string; border: string; borderRadius: string; padding: string; textAlign: string; }' is not assignable to type 'CSSProperties'.	error TS2322: Type '{ backgroundColor: string; border: string; borderRadius: string; padding: string; textAlign: string; }' is not assignable to type 'CSSProperties'.
18	src/neural/TrainingDataCrawler.tsx(570,17): error TS2322: Type 'string' is not assignable to type 'string[]'.	error TS2322: Type 'string' is not assignable to type 'string[]'.
12	src/components/EnhancedDesignSystem.tsx(166,21): error TS2448: Block-scoped variable 'Animation' used before its declaration.	error TS2448: Block-scoped variable 'Animation' used before its declaration.
11	src/components/ui/AnimatedCounter.tsx(27,29): error TS2554: Expected 1 arguments, but got 0.	error TS2554: Expected 1 arguments, but got 0.
11	src/components/ui/BillingDashboard.tsx(426,23): error TS2820: Type '"outline"' is not assignable to type '"text" | "filled" | "elevated" | "outlined" | "filled-tonal"'. Did you mean '"outlined"'?	error TS2820: Type '"outline"' is not assignable to type '"text" | "filled" | "elevated" | "outlined" | "filled-tonal"'. Did you mean '"outlined"'?
10	src/core/CursorBackgroundAgent.ts(203,16): error TS2393: Duplicate function implementation.	error TS2393: Duplicate function implementation.
10	src/framework/automation-demo.ts(299,57): error TS2339: Property 'performance' does not exist on type '{ running: boolean; config: FrameworkConfig; queueStatus: any; systemStats: any; metrics: any; }'.	error TS2339: Property 'performance' does not exist on type '{ running: boolean; config: FrameworkConfig; queueStatus: any; systemStats: any; metrics: any; }'.
10	src/api/metaverseAlchemyApi.ts(474,72): error TS1117: An object literal cannot have multiple properties with the same name.	error TS1117: An object literal cannot have multiple properties with the same name.
10	src/api/LightDomStorageApi.ts(71,41): error TS2339: Property 'maxFileUploadSize' does not exist on type 'Promise<{ maxFileUploadSize: number; autoSave: boolean; syncInterval: number; preferredBiome: string; }>'.	error TS2339: Property 'maxFileUploadSize' does not exist on type 'Promise<{ maxFileUploadSize: number; autoSave: boolean; syncInterval: number; preferredBiome: string; }>'.
8	src/architecture/APIIntegration.tsx(187,17): error TS2341: Property 'post' is private and only accessible within class 'APIClient'.	error TS2341: Property 'post' is private and only accessible within class 'APIClient'.
8	src/config/MetaverseAnimationPresets.ts(300,7): error TS2322: Type '{ color: string; intensity: number; }' is not assignable to type 'string'.	error TS2322: Type '{ color: string; intensity: number; }' is not assignable to type 'string'.
7	src/ml/MLEnhancedDOMHarvestingEngine.ts(498,10): error TS2339: Property 'stats' does not exist on type 'MLEnhancedDOMHarvestingWorker'.	error TS2339: Property 'stats' does not exist on type 'MLEnhancedDOMHarvestingWorker'.
7	src/seo-training/SEOCategoryTrainingDashboard.tsx(137,7): error TS2353: Object literal may only specify known properties, and 'id' does not exist in type 'Omit<SEOAttribute, "id">'.	error TS2353: Object literal may only specify known properties, and 'id' does not exist in type 'Omit<SEOAttribute, "id">'.
7	src/api/LightDomStorageApi.ts(68,56): error TS2341: Property 'getUserSettings' is private and only accessible within class 'PersistentBlockchainStorage'.	error TS2341: Property 'getUserSettings' is private and only accessible within class 'PersistentBlockchainStorage'.
7	src/architecture/APIIntegration.tsx(169,17): error TS2341: Property 'get' is private and only accessible within class 'APIClient'.	error TS2341: Property 'get' is private and only accessible within class 'APIClient'.
6	src/neural/SchemaMiningSystem.tsx(900,60): error TS2350: Only a void function can be called with the 'new' keyword.	error TS2350: Only a void function can be called with the 'new' keyword.
6	src/components/AutomationOrchestrationDashboard.tsx(23,3): error TS2305: Module '"antd"' has no exported member 'Descriptions'.	error TS2305: Module '"antd"' has no exported member 'Descriptions'.
6	src/network/DynamicBacklinkingDashboard.tsx(253,7): error TS2353: Object literal may only specify known properties, and 'id' does not exist in type 'Omit<DynamicBacklinkRule, "id">'.	error TS2353: Object literal may only specify known properties, and 'id' does not exist in type 'Omit<DynamicBacklinkRule, "id">'.
6	src/components/admin/EnhancedAdminDashboard.tsx(49,3): error TS2305: Module '"antd"' has no exported member 'ColorPicker'.	error TS2305: Module '"antd"' has no exported member 'ColorPicker'.
6	src/components/admin/EnhancedAdminDashboard.tsx(43,3): error TS2305: Module '"antd"' has no exported member 'MenuProps'.	error TS2305: Module '"antd"' has no exported member 'MenuProps'.
5	src/components/DesignSystemComponents.tsx(30,3): error TS2724: '"antd"' has no exported member named 'TimePicker'. Did you mean 'DatePicker'?	error TS2724: '"antd"' has no exported member named 'TimePicker'. Did you mean 'DatePicker'?
5	src/components/admin/ProfessionalAdminDashboard.tsx(419,23): error TS2322: Type '"outlined"' is not assignable to type '"error" | "success" | "info" | "warning" | "secondary" | "primary"'.	error TS2322: Type '"outlined"' is not assignable to type '"error" | "success" | "info" | "warning" | "secondary" | "primary"'.
5	src/components/specialized/SEOComponents.tsx(741,84): error TS2322: Type '{ percent: number; size: "small"; style: { width: string; }; }' is not assignable to type 'IntrinsicAttributes & EnhancedProgressProps'.	error TS2322: Type '{ percent: number; size: "small"; style: { width: string; }; }' is not assignable to type 'IntrinsicAttributes & EnhancedProgressProps'.
5	src/neural/SchemaMapGenerationSystem.tsx(1010,11): error TS2741: Property 'schema' is missing in type '{ id: string; name: string; type: "text"; description: string; required: true; }' but required in type 'AttributeDefinition'.	error TS2741: Property 'schema' is missing in type '{ id: string; name: string; type: "text"; description: string; required: true; }' but required in type 'AttributeDefinition'.
5	src/neural/SchemaMiningSystem.tsx(924,31): error TS2551: Property 'extractAccessibilityProperties' does not exist on type 'SchemaMiningSystem'. Did you mean 'generateAccessibilityProperties'?	error TS2551: Property 'extractAccessibilityProperties' does not exist on type 'SchemaMiningSystem'. Did you mean 'generateAccessibilityProperties'?
5	src/neural/SchemaMiningSystem.tsx(923,26): error TS2551: Property 'extractSemanticProperties' does not exist on type 'SchemaMiningSystem'. Did you mean 'generateSemanticProperties'?	error TS2551: Property 'extractSemanticProperties' does not exist on type 'SchemaMiningSystem'. Did you mean 'generateSemanticProperties'?
5	src/neural/SchemaMiningSystem.tsx(921,24): error TS2551: Property 'extractVisualProperties' does not exist on type 'SchemaMiningSystem'. Did you mean 'generateVisualProperties'?	error TS2551: Property 'extractVisualProperties' does not exist on type 'SchemaMiningSystem'. Did you mean 'generateVisualProperties'?
5	src/ml/DOMComputerVisionAnalyzer.ts(207,23): error TS2349: This expression is not callable.	error TS2349: This expression is not callable.
5	src/neural/DataMiningAutomation.tsx(3341,7): error TS2322: Type 'string[]' is not assignable to type 'string'.	error TS2322: Type 'string[]' is not assignable to type 'string'.
5	src/api/LightDomStorageApi.ts(12,17): error TS2694: Namespace 'global.Express' has no exported member 'Multer'.	error TS2694: Namespace 'global.Express' has no exported member 'Multer'.
5	src/neural/SchemaMiningSystem.tsx(922,28): error TS2551: Property 'extractBehavioralProperties' does not exist on type 'SchemaMiningSystem'. Did you mean 'generateBehavioralProperties'?	error TS2551: Property 'extractBehavioralProperties' does not exist on type 'SchemaMiningSystem'. Did you mean 'generateBehavioralProperties'?
4	src/components/AutomationOrchestrationDashboard.tsx(24,3): error TS2305: Module '"antd"' has no exported member 'notification'.	error TS2305: Module '"antd"' has no exported member 'notification'.
4	src/components/SEOModelMarketplace.tsx(101,31): error TS2339: Property 'utils' does not exist on type 'typeof import("E:/Personal/project/lightdom/LightDom/node_modules/ethers/lib.esm/ethers")'.	error TS2339: Property 'utils' does not exist on type 'typeof import("E:/Personal/project/lightdom/LightDom/node_modules/ethers/lib.esm/ethers")'.
4	src/framework/ServiceIntegration.ts(141,17): error TS2339: Property 'trackEvent' does not exist on type 'BridgeAnalyticsService'.	error TS2339: Property 'trackEvent' does not exist on type 'BridgeAnalyticsService'.
4	src/components/BlockchainRewards.tsx(35,3): error TS2305: Module '"antd"' has no exported member 'QRCode'.	error TS2305: Module '"antd"' has no exported member 'QRCode'.
4	src/ml/MLEnhancedDOMHarvestingEngine.ts(282,18): error TS2339: Property 'mlInsights' does not exist on type '{ mlEnhanced: boolean; confidenceMultiplier: number; predictedImprovements: any; visualOptimizations: any; anomalyDetected: any; cssBytes: number; jsBytes: number; domMemory: number; orphanedElementsSize: number; ... 5 more ...; tokenValue: number; }'.	error TS2339: Property 'mlInsights' does not exist on type '{ mlEnhanced: boolean; confidenceMultiplier: number; predictedImprovements: any; visualOptimizations: any; anomalyDetected: any; cssBytes: number; jsBytes: number; domMemory: number; orphanedElementsSize: number; ... 5 more ...; tokenValue: number; }'.
4	src/workflow/SectionDividerWorkflowDashboard.tsx(122,48): error TS2345: Argument of type '{ name: string; category: string; subcategory: string; description: string; expectedOutcome: string; trainingData: { type: string; count: number; quality: number; features: string[]; }; neuralNetworkConfig: { ...; }; }' is not assignable to parameter of type 'Omit<TrainingSection, "children" | "id" | "status" | "progress" | "trainingHistory" | "trustRating" | "currentAccuracy" | "bestAccuracy" | "userFeedback">'.	error TS2345: Argument of type '{ name: string; category: string; subcategory: string; description: string; expectedOutcome: string; trainingData: { type: string; count: number; quality: number; features: string[]; }; neuralNetworkConfig: { ...; }; }' is not assignable to parameter of type 'Omit<TrainingSection, "children" | "id" | "status" | "progress" | "trainingHistory" | "trustRating" | "currentAccuracy" | "bestAccuracy" | "userFeedback">'.
4	src/network/DynamicBacklinkingDashboard.tsx(187,7): error TS2353: Object literal may only specify known properties, and 'id' does not exist in type 'Omit<BacklinkBridge, "id">'.	error TS2353: Object literal may only specify known properties, and 'id' does not exist in type 'Omit<BacklinkBridge, "id">'.
4	src/architecture/APIIntegration.tsx(405,31): error TS2347: Untyped function calls may not accept type arguments.	error TS2347: Untyped function calls may not accept type arguments.
4	src/api/taskApi.ts(3,39): error TS2307: Cannot find module '../services/HeadlessChromeService' or its corresponding type declarations.	error TS2307: Cannot find module '../services/HeadlessChromeService' or its corresponding type declarations.
4	src/neural/SchemaMiningSystem.tsx(178,11): error TS2300: Duplicate identifier 'ShapeStar'.	error TS2300: Duplicate identifier 'ShapeStar'.
4	src/components/ui/admin/UserManagementTab.tsx(246,15): error TS2741: Property '$$typeof' is missing in type 'ReactElement<any, any>' but required in type 'ForwardRefExoticComponent<Omit<LucideProps, "ref"> & RefAttributes<SVGSVGElement>>'.	error TS2741: Property '$$typeof' is missing in type 'ReactElement<any, any>' but required in type 'ForwardRefExoticComponent<Omit<LucideProps, "ref"> & RefAttributes<SVGSVGElement>>'.
4	src/components/ui/MetaverseAnimationDashboard.tsx(51,8): error TS2307: Cannot find module '../types/MetaverseAnimationTypes' or its corresponding type declarations.	error TS2307: Cannot find module '../types/MetaverseAnimationTypes' or its corresponding type declarations.
4	src/components/specialized/SEOComponents.tsx(393,34): error TS2322: Type '"#ff4d4f" | "#52c41a" | "#d1d5db" | "#fa8c16"' is not assignable to type '"error" | "success" | "warning" | "default" | "secondary" | "primary"'.	error TS2322: Type '"#ff4d4f" | "#52c41a" | "#d1d5db" | "#fa8c16"' is not assignable to type '"error" | "success" | "warning" | "default" | "secondary" | "primary"'.
4	src/api/adminAnalyticsApi.ts(10,10): error TS2724: '"../utils/Logger"' has no exported member named 'logger'. Did you mean 'Logger'?	error TS2724: '"../utils/Logger"' has no exported member named 'logger'. Did you mean 'Logger'?
4	src/components/admin/AmazingMD3Dashboard.tsx(228,27): error TS2322: Type '"body2"' is not assignable to type '"small" | "h1" | "h2" | "h3" | "h4" | "h5" | "h6" | "lead" | "paragraph"'.	error TS2322: Type '"body2"' is not assignable to type '"small" | "h1" | "h2" | "h3" | "h4" | "h5" | "h6" | "lead" | "paragraph"'.
3	src/components/DesignSystemComponents.tsx(42,3): error TS2305: Module '"antd"' has no exported member 'Calendar'.	error TS2305: Module '"antd"' has no exported member 'Calendar'.
3	src/learning/IntelligentDashboardManager.tsx(38,3): error TS2305: Module '"@/components/ui"' has no exported member 'Target'.	error TS2305: Module '"@/components/ui"' has no exported member 'Target'.
